Determining if the pthread_create exist failed with the following output:
Change Dir: /home/dembele/Projet_indus/projet_catamaran/ROScata/build/CMakeFiles/CMakeTmp

Run Build Command:"/usr/bin/make" "cmTC_b27cc/fast"
/usr/bin/make -f CMakeFiles/cmTC_b27cc.dir/build.make CMakeFiles/cmTC_b27cc.dir/build
make[1] : on entre dans le répertoire « /home/dembele/Projet_indus/projet_catamaran/ROScata/build/CMakeFiles/CMakeTmp »
Building C object CMakeFiles/cmTC_b27cc.dir/CheckSymbolExists.c.o
/usr/bin/cc    -o CMakeFiles/cmTC_b27cc.dir/CheckSymbolExists.c.o   -c /home/dembele/Projet_indus/projet_catamaran/ROScata/build/CMakeFiles/CMakeTmp/CheckSymbolExists.c
Linking C executable cmTC_b27cc
/usr/bin/cmake -E cmake_link_script CMakeFiles/cmTC_b27cc.dir/link.txt --verbose=1
/usr/bin/cc      -rdynamic CMakeFiles/cmTC_b27cc.dir/CheckSymbolExists.c.o  -o cmTC_b27cc 
CMakeFiles/cmTC_b27cc.dir/CheckSymbolExists.c.o : Dans la fonction « main » :
CheckSymbolExists.c:(.text+0x1b) : référence indéfinie vers « pthread_create »
collect2: error: ld returned 1 exit status
CMakeFiles/cmTC_b27cc.dir/build.make:97: recipe for target 'cmTC_b27cc' failed
make[1]: *** [cmTC_b27cc] Error 1
make[1] : on quitte le répertoire « /home/dembele/Projet_indus/projet_catamaran/ROScata/build/CMakeFiles/CMakeTmp »
Makefile:126: recipe for target 'cmTC_b27cc/fast' failed
make: *** [cmTC_b27cc/fast] Error 2

File /home/dembele/Projet_indus/projet_catamaran/ROScata/build/CMakeFiles/CMakeTmp/CheckSymbolExists.c:
/* */
#include <pthread.h>

int main(int argc, char** argv)
{
  (void)argv;
#ifndef pthread_create
  return ((int*)(&pthread_create))[argc];
#else
  (void)argc;
  return 0;
#endif
}

Determining if the function pthread_create exists in the pthreads failed with the following output:
Change Dir: /home/dembele/Projet_indus/projet_catamaran/ROScata/build/CMakeFiles/CMakeTmp

Run Build Command:"/usr/bin/make" "cmTC_17d6f/fast"
/usr/bin/make -f CMakeFiles/cmTC_17d6f.dir/build.make CMakeFiles/cmTC_17d6f.dir/build
make[1] : on entre dans le répertoire « /home/dembele/Projet_indus/projet_catamaran/ROScata/build/CMakeFiles/CMakeTmp »
Building C object CMakeFiles/cmTC_17d6f.dir/CheckFunctionExists.c.o
/usr/bin/cc   -DCHECK_FUNCTION_EXISTS=pthread_create   -o CMakeFiles/cmTC_17d6f.dir/CheckFunctionExists.c.o   -c /usr/share/cmake-3.10/Modules/CheckFunctionExists.c
Linking C executable cmTC_17d6f
/usr/bin/cmake -E cmake_link_script CMakeFiles/cmTC_17d6f.dir/link.txt --verbose=1
/usr/bin/cc  -DCHECK_FUNCTION_EXISTS=pthread_create    -rdynamic CMakeFiles/cmTC_17d6f.dir/CheckFunctionExists.c.o  -o cmTC_17d6f -lpthreads 
/usr/bin/ld : ne peut trouver -lpthreads
collect2: error: ld returned 1 exit status
CMakeFiles/cmTC_17d6f.dir/build.make:97: recipe for target 'cmTC_17d6f' failed
make[1]: *** [cmTC_17d6f] Error 1
make[1] : on quitte le répertoire « /home/dembele/Projet_indus/projet_catamaran/ROScata/build/CMakeFiles/CMakeTmp »
Makefile:126: recipe for target 'cmTC_17d6f/fast' failed
make: *** [cmTC_17d6f/fast] Error 2


